2013/07/12 16:14:25 [warning] [application] Failed to set unsafe attribute "image" of "Images".
in D:\projects\cms1\www\www\protected\app\modules\admin\controllers\GalleriesController.php (116)
in D:\projects\cms1\www\www\index.php (13)
2013/07/12 16:22:33 [warning] [application] Failed to set unsafe attribute "image" of "Images".
in D:\projects\cms1\www\www\protected\app\modules\admin\controllers\GalleriesController.php (116)
in D:\projects\cms1\www\www\index.php (13)
2013/07/12 16:26:27 [warning] [application] Failed to set unsafe attribute "image" of "Images".
in D:\projects\cms1\www\www\protected\app\modules\admin\controllers\GalleriesController.php (116)
in D:\projects\cms1\www\www\index.php (13)
2013/07/12 16:26:44 [warning] [application] Failed to set unsafe attribute "image" of "Images".
in D:\projects\cms1\www\www\protected\app\modules\admin\controllers\GalleriesController.php (116)
in D:\projects\cms1\www\www\index.php (13)
2013/07/12 16:27:02 [warning] [application] Failed to set unsafe attribute "image" of "Images".
in D:\projects\cms1\www\www\protected\app\modules\admin\controllers\GalleriesController.php (116)
in D:\projects\cms1\www\www\index.php (13)
2013/07/12 16:27:07 [warning] [application] Failed to set unsafe attribute "image" of "Images".
in D:\projects\cms1\www\www\protected\app\modules\admin\controllers\GalleriesController.php (116)
in D:\projects\cms1\www\www\index.php (13)
2013/07/12 16:28:10 [warning] [application] Failed to set unsafe attribute "image" of "Images".
in D:\projects\cms1\www\www\protected\app\modules\admin\controllers\GalleriesController.php (116)
in D:\projects\cms1\www\www\index.php (13)
2013/07/12 16:28:17 [warning] [application] Failed to set unsafe attribute "image" of "Images".
in D:\projects\cms1\www\www\protected\app\modules\admin\controllers\GalleriesController.php (116)
in D:\projects\cms1\www\www\index.php (13)
2013/07/12 16:29:35 [warning] [application] Failed to set unsafe attribute "image" of "Images".
in D:\projects\cms1\www\www\protected\app\modules\admin\controllers\GalleriesController.php (116)
in D:\projects\cms1\www\www\index.php (13)
2013/07/12 16:29:37 [warning] [application] Failed to set unsafe attribute "image" of "Images".
in D:\projects\cms1\www\www\protected\app\modules\admin\controllers\GalleriesController.php (116)
in D:\projects\cms1\www\www\index.php (13)
2013/07/12 16:29:46 [error] [exception.CHttpException.404] exception 'CHttpException' with message 'Грешка при решаването на заявката "galleries/7/tmb/template.png".' in D:\projects\cms1\www\www\protected\framework\web\CWebApplication.php:286
Stack trace:
#0 D:\projects\cms1\www\www\protected\framework\web\CWebApplication.php(141): CWebApplication->runController('galleries/7/tmb...')
#1 D:\projects\cms1\www\www\protected\framework\base\CApplication.php(169): CWebApplication->processRequest()
#2 D:\projects\cms1\www\www\index.php(13): CApplication->run()
#3 {main}
REQUEST_URI=/galleries/7/tmb/template.png
HTTP_REFERER=http://cms1/admin/galleries/update/id/7
---
2013/07/12 16:29:50 [error] [exception.CHttpException.404] exception 'CHttpException' with message 'Грешка при решаването на заявката "galleries/7/tmb/template.png".' in D:\projects\cms1\www\www\protected\framework\web\CWebApplication.php:286
Stack trace:
#0 D:\projects\cms1\www\www\protected\framework\web\CWebApplication.php(141): CWebApplication->runController('galleries/7/tmb...')
#1 D:\projects\cms1\www\www\protected\framework\base\CApplication.php(169): CWebApplication->processRequest()
#2 D:\projects\cms1\www\www\index.php(13): CApplication->run()
#3 {main}
REQUEST_URI=/galleries/7/tmb/template.png
HTTP_REFERER=http://cms1/admin/galleries/update/id/7
---
2013/07/12 16:31:51 [warning] [application] Failed to set unsafe attribute "image" of "Images".
in D:\projects\cms1\www\www\protected\app\modules\admin\controllers\GalleriesController.php (116)
in D:\projects\cms1\www\www\index.php (13)
2013/07/12 16:32:17 [warning] [application] Failed to set unsafe attribute "image" of "Images".
in D:\projects\cms1\www\www\protected\app\modules\admin\controllers\GalleriesController.php (116)
in D:\projects\cms1\www\www\index.php (13)
2013/07/12 16:32:48 [warning] [application] Failed to set unsafe attribute "image" of "Images".
in D:\projects\cms1\www\www\protected\app\modules\admin\controllers\GalleriesController.php (116)
in D:\projects\cms1\www\www\index.php (13)
2013/07/12 16:33:15 [error] [exception.CHttpException.404] exception 'CHttpException' with message 'Грешка при решаването на заявката "galleries/7/tmb/Cifri i fakti copy.jpg.jpg".' in D:\projects\cms1\www\www\protected\framework\web\CWebApplication.php:286
Stack trace:
#0 D:\projects\cms1\www\www\protected\framework\web\CWebApplication.php(141): CWebApplication->runController('galleries/7/tmb...')
#1 D:\projects\cms1\www\www\protected\framework\base\CApplication.php(169): CWebApplication->processRequest()
#2 D:\projects\cms1\www\www\index.php(13): CApplication->run()
#3 {main}
REQUEST_URI=/galleries/7/tmb/Cifri%20i%20fakti%20copy.jpg.jpg
HTTP_REFERER=http://cms1/bg/gallery
---
2013/07/12 16:33:19 [error] [exception.CHttpException.404] exception 'CHttpException' with message 'Грешка при решаването на заявката "galleries/7/tmb/template.png.png".' in D:\projects\cms1\www\www\protected\framework\web\CWebApplication.php:286
Stack trace:
#0 D:\projects\cms1\www\www\protected\framework\web\CWebApplication.php(141): CWebApplication->runController('galleries/7/tmb...')
#1 D:\projects\cms1\www\www\protected\framework\base\CApplication.php(169): CWebApplication->processRequest()
#2 D:\projects\cms1\www\www\index.php(13): CApplication->run()
#3 {main}
REQUEST_URI=/galleries/7/tmb/template.png.png
HTTP_REFERER=http://cms1/bg/gallery/view/id/7
---
2013/07/12 16:33:19 [error] [exception.CHttpException.404] exception 'CHttpException' with message 'Грешка при решаването на заявката "galleries/7/tmb/Cifri i fakti copy.jpg.jpg".' in D:\projects\cms1\www\www\protected\framework\web\CWebApplication.php:286
Stack trace:
#0 D:\projects\cms1\www\www\protected\framework\web\CWebApplication.php(141): CWebApplication->runController('galleries/7/tmb...')
#1 D:\projects\cms1\www\www\protected\framework\base\CApplication.php(169): CWebApplication->processRequest()
#2 D:\projects\cms1\www\www\index.php(13): CApplication->run()
#3 {main}
REQUEST_URI=/galleries/7/tmb/Cifri%20i%20fakti%20copy.jpg.jpg
HTTP_REFERER=http://cms1/bg/gallery/view/id/7
---
2013/07/12 16:33:22 [error] [exception.CHttpException.404] exception 'CHttpException' with message 'Грешка при решаването на заявката "galleries/7/Cifri i fakti copy.jpg.jpg".' in D:\projects\cms1\www\www\protected\framework\web\CWebApplication.php:286
Stack trace:
#0 D:\projects\cms1\www\www\protected\framework\web\CWebApplication.php(141): CWebApplication->runController('galleries/7/Cif...')
#1 D:\projects\cms1\www\www\protected\framework\base\CApplication.php(169): CWebApplication->processRequest()
#2 D:\projects\cms1\www\www\index.php(13): CApplication->run()
#3 {main}
REQUEST_URI=/galleries/7/Cifri%20i%20fakti%20copy.jpg.jpg
HTTP_REFERER=http://cms1/bg/gallery/view/id/7
---
2013/07/12 16:33:22 [error] [exception.CHttpException.404] exception 'CHttpException' with message 'Грешка при решаването на заявката "galleries/7/template.png.png".' in D:\projects\cms1\www\www\protected\framework\web\CWebApplication.php:286
Stack trace:
#0 D:\projects\cms1\www\www\protected\framework\web\CWebApplication.php(141): CWebApplication->runController('galleries/7/tem...')
#1 D:\projects\cms1\www\www\protected\framework\base\CApplication.php(169): CWebApplication->processRequest()
#2 D:\projects\cms1\www\www\index.php(13): CApplication->run()
#3 {main}
REQUEST_URI=/galleries/7/template.png.png
HTTP_REFERER=http://cms1/bg/gallery/view/id/7
---
2013/07/12 16:33:24 [error] [exception.CHttpException.404] exception 'CHttpException' with message 'Грешка при решаването на заявката "galleries/7/template.png.png".' in D:\projects\cms1\www\www\protected\framework\web\CWebApplication.php:286
Stack trace:
#0 D:\projects\cms1\www\www\protected\framework\web\CWebApplication.php(141): CWebApplication->runController('galleries/7/tem...')
#1 D:\projects\cms1\www\www\protected\framework\base\CApplication.php(169): CWebApplication->processRequest()
#2 D:\projects\cms1\www\www\index.php(13): CApplication->run()
#3 {main}
REQUEST_URI=/galleries/7/template.png.png
HTTP_REFERER=http://cms1/bg/gallery/view/id/7
---
2013/07/12 16:33:24 [error] [exception.CHttpException.404] exception 'CHttpException' with message 'Грешка при решаването на заявката "galleries/7/Cifri i fakti copy.jpg.jpg".' in D:\projects\cms1\www\www\protected\framework\web\CWebApplication.php:286
Stack trace:
#0 D:\projects\cms1\www\www\protected\framework\web\CWebApplication.php(141): CWebApplication->runController('galleries/7/Cif...')
#1 D:\projects\cms1\www\www\protected\framework\base\CApplication.php(169): CWebApplication->processRequest()
#2 D:\projects\cms1\www\www\index.php(13): CApplication->run()
#3 {main}
REQUEST_URI=/galleries/7/Cifri%20i%20fakti%20copy.jpg.jpg
HTTP_REFERER=http://cms1/bg/gallery/view/id/7
---
2013/07/12 16:33:25 [error] [exception.CHttpException.404] exception 'CHttpException' with message 'Грешка при решаването на заявката "galleries/7/Cifri i fakti copy.jpg.jpg".' in D:\projects\cms1\www\www\protected\framework\web\CWebApplication.php:286
Stack trace:
#0 D:\projects\cms1\www\www\protected\framework\web\CWebApplication.php(141): CWebApplication->runController('galleries/7/Cif...')
#1 D:\projects\cms1\www\www\protected\framework\base\CApplication.php(169): CWebApplication->processRequest()
#2 D:\projects\cms1\www\www\index.php(13): CApplication->run()
#3 {main}
REQUEST_URI=/galleries/7/Cifri%20i%20fakti%20copy.jpg.jpg
HTTP_REFERER=http://cms1/bg/gallery/view/id/7
---
2013/07/12 16:33:25 [error] [exception.CHttpException.404] exception 'CHttpException' with message 'Грешка при решаването на заявката "galleries/7/template.png.png".' in D:\projects\cms1\www\www\protected\framework\web\CWebApplication.php:286
Stack trace:
#0 D:\projects\cms1\www\www\protected\framework\web\CWebApplication.php(141): CWebApplication->runController('galleries/7/tem...')
#1 D:\projects\cms1\www\www\protected\framework\base\CApplication.php(169): CWebApplication->processRequest()
#2 D:\projects\cms1\www\www\index.php(13): CApplication->run()
#3 {main}
REQUEST_URI=/galleries/7/template.png.png
HTTP_REFERER=http://cms1/bg/gallery/view/id/7
---
2013/07/12 16:33:26 [error] [exception.CHttpException.404] exception 'CHttpException' with message 'Грешка при решаването на заявката "galleries/7/template.png.png".' in D:\projects\cms1\www\www\protected\framework\web\CWebApplication.php:286
Stack trace:
#0 D:\projects\cms1\www\www\protected\framework\web\CWebApplication.php(141): CWebApplication->runController('galleries/7/tem...')
#1 D:\projects\cms1\www\www\protected\framework\base\CApplication.php(169): CWebApplication->processRequest()
#2 D:\projects\cms1\www\www\index.php(13): CApplication->run()
#3 {main}
REQUEST_URI=/galleries/7/template.png.png
HTTP_REFERER=http://cms1/bg/gallery/view/id/7
---
2013/07/12 16:33:26 [error] [exception.CHttpException.404] exception 'CHttpException' with message 'Грешка при решаването на заявката "galleries/7/Cifri i fakti copy.jpg.jpg".' in D:\projects\cms1\www\www\protected\framework\web\CWebApplication.php:286
Stack trace:
#0 D:\projects\cms1\www\www\protected\framework\web\CWebApplication.php(141): CWebApplication->runController('galleries/7/Cif...')
#1 D:\projects\cms1\www\www\protected\framework\base\CApplication.php(169): CWebApplication->processRequest()
#2 D:\projects\cms1\www\www\index.php(13): CApplication->run()
#3 {main}
REQUEST_URI=/galleries/7/Cifri%20i%20fakti%20copy.jpg.jpg
HTTP_REFERER=http://cms1/bg/gallery/view/id/7
---
2013/07/12 16:33:44 [error] [exception.CHttpException.404] exception 'CHttpException' with message 'Грешка при решаването на заявката "galleries/7/tmb/template.png.png".' in D:\projects\cms1\www\www\protected\framework\web\CWebApplication.php:286
Stack trace:
#0 D:\projects\cms1\www\www\protected\framework\web\CWebApplication.php(141): CWebApplication->runController('galleries/7/tmb...')
#1 D:\projects\cms1\www\www\protected\framework\base\CApplication.php(169): CWebApplication->processRequest()
#2 D:\projects\cms1\www\www\index.php(13): CApplication->run()
#3 {main}
REQUEST_URI=/galleries/7/tmb/template.png.png
HTTP_REFERER=http://cms1/bg/gallery/view/id/7
---
2013/07/12 16:33:44 [error] [exception.CHttpException.404] exception 'CHttpException' with message 'Грешка при решаването на заявката "galleries/7/tmb/Cifri i fakti copy.jpg.jpg".' in D:\projects\cms1\www\www\protected\framework\web\CWebApplication.php:286
Stack trace:
#0 D:\projects\cms1\www\www\protected\framework\web\CWebApplication.php(141): CWebApplication->runController('galleries/7/tmb...')
#1 D:\projects\cms1\www\www\protected\framework\base\CApplication.php(169): CWebApplication->processRequest()
#2 D:\projects\cms1\www\www\index.php(13): CApplication->run()
#3 {main}
REQUEST_URI=/galleries/7/tmb/Cifri%20i%20fakti%20copy.jpg.jpg
HTTP_REFERER=http://cms1/bg/gallery/view/id/7
---
2013/07/12 16:33:46 [error] [exception.CHttpException.404] exception 'CHttpException' with message 'Грешка при решаването на заявката "galleries/7/tmb/template.png.png".' in D:\projects\cms1\www\www\protected\framework\web\CWebApplication.php:286
Stack trace:
#0 D:\projects\cms1\www\www\protected\framework\web\CWebApplication.php(141): CWebApplication->runController('galleries/7/tmb...')
#1 D:\projects\cms1\www\www\protected\framework\base\CApplication.php(169): CWebApplication->processRequest()
#2 D:\projects\cms1\www\www\index.php(13): CApplication->run()
#3 {main}
REQUEST_URI=/galleries/7/tmb/template.png.png
HTTP_REFERER=http://cms1/bg/gallery/view/id/7
---
2013/07/12 16:33:46 [error] [exception.CHttpException.404] exception 'CHttpException' with message 'Грешка при решаването на заявката "galleries/7/tmb/Cifri i fakti copy.jpg.jpg".' in D:\projects\cms1\www\www\protected\framework\web\CWebApplication.php:286
Stack trace:
#0 D:\projects\cms1\www\www\protected\framework\web\CWebApplication.php(141): CWebApplication->runController('galleries/7/tmb...')
#1 D:\projects\cms1\www\www\protected\framework\base\CApplication.php(169): CWebApplication->processRequest()
#2 D:\projects\cms1\www\www\index.php(13): CApplication->run()
#3 {main}
REQUEST_URI=/galleries/7/tmb/Cifri%20i%20fakti%20copy.jpg.jpg
HTTP_REFERER=http://cms1/bg/gallery/view/id/7
---
2013/07/12 16:33:46 [error] [exception.CHttpException.404] exception 'CHttpException' with message 'Грешка при решаването на заявката "galleries/7/tmb/template.png.png".' in D:\projects\cms1\www\www\protected\framework\web\CWebApplication.php:286
Stack trace:
#0 D:\projects\cms1\www\www\protected\framework\web\CWebApplication.php(141): CWebApplication->runController('galleries/7/tmb...')
#1 D:\projects\cms1\www\www\protected\framework\base\CApplication.php(169): CWebApplication->processRequest()
#2 D:\projects\cms1\www\www\index.php(13): CApplication->run()
#3 {main}
REQUEST_URI=/galleries/7/tmb/template.png.png
HTTP_REFERER=http://cms1/bg/gallery/view/id/7
---
2013/07/12 16:33:46 [error] [exception.CHttpException.404] exception 'CHttpException' with message 'Грешка при решаването на заявката "galleries/7/tmb/Cifri i fakti copy.jpg.jpg".' in D:\projects\cms1\www\www\protected\framework\web\CWebApplication.php:286
Stack trace:
#0 D:\projects\cms1\www\www\protected\framework\web\CWebApplication.php(141): CWebApplication->runController('galleries/7/tmb...')
#1 D:\projects\cms1\www\www\protected\framework\base\CApplication.php(169): CWebApplication->processRequest()
#2 D:\projects\cms1\www\www\index.php(13): CApplication->run()
#3 {main}
REQUEST_URI=/galleries/7/tmb/Cifri%20i%20fakti%20copy.jpg.jpg
HTTP_REFERER=http://cms1/bg/gallery/view/id/7
---
2013/07/12 16:33:46 [error] [exception.CHttpException.404] exception 'CHttpException' with message 'Грешка при решаването на заявката "galleries/7/tmb/template.png.png".' in D:\projects\cms1\www\www\protected\framework\web\CWebApplication.php:286
Stack trace:
#0 D:\projects\cms1\www\www\protected\framework\web\CWebApplication.php(141): CWebApplication->runController('galleries/7/tmb...')
#1 D:\projects\cms1\www\www\protected\framework\base\CApplication.php(169): CWebApplication->processRequest()
#2 D:\projects\cms1\www\www\index.php(13): CApplication->run()
#3 {main}
REQUEST_URI=/galleries/7/tmb/template.png.png
HTTP_REFERER=http://cms1/bg/gallery/view/id/7
---
2013/07/12 16:33:46 [error] [exception.CHttpException.404] exception 'CHttpException' with message 'Грешка при решаването на заявката "galleries/7/tmb/Cifri i fakti copy.jpg.jpg".' in D:\projects\cms1\www\www\protected\framework\web\CWebApplication.php:286
Stack trace:
#0 D:\projects\cms1\www\www\protected\framework\web\CWebApplication.php(141): CWebApplication->runController('galleries/7/tmb...')
#1 D:\projects\cms1\www\www\protected\framework\base\CApplication.php(169): CWebApplication->processRequest()
#2 D:\projects\cms1\www\www\index.php(13): CApplication->run()
#3 {main}
REQUEST_URI=/galleries/7/tmb/Cifri%20i%20fakti%20copy.jpg.jpg
HTTP_REFERER=http://cms1/bg/gallery/view/id/7
---
2013/07/12 16:33:50 [error] [exception.CHttpException.404] exception 'CHttpException' with message 'Грешка при решаването на заявката "galleries/7/tmb/Cifri i fakti copy.jpg.jpg".' in D:\projects\cms1\www\www\protected\framework\web\CWebApplication.php:286
Stack trace:
#0 D:\projects\cms1\www\www\protected\framework\web\CWebApplication.php(141): CWebApplication->runController('galleries/7/tmb...')
#1 D:\projects\cms1\www\www\protected\framework\base\CApplication.php(169): CWebApplication->processRequest()
#2 D:\projects\cms1\www\www\index.php(13): CApplication->run()
#3 {main}
REQUEST_URI=/galleries/7/tmb/Cifri%20i%20fakti%20copy.jpg.jpg
HTTP_REFERER=http://cms1/bg/gallery
---
2013/07/12 16:33:51 [error] [exception.CHttpException.404] exception 'CHttpException' with message 'Грешка при решаването на заявката "galleries/7/tmb/Cifri i fakti copy.jpg.jpg".' in D:\projects\cms1\www\www\protected\framework\web\CWebApplication.php:286
Stack trace:
#0 D:\projects\cms1\www\www\protected\framework\web\CWebApplication.php(141): CWebApplication->runController('galleries/7/tmb...')
#1 D:\projects\cms1\www\www\protected\framework\base\CApplication.php(169): CWebApplication->processRequest()
#2 D:\projects\cms1\www\www\index.php(13): CApplication->run()
#3 {main}
REQUEST_URI=/galleries/7/tmb/Cifri%20i%20fakti%20copy.jpg.jpg
HTTP_REFERER=http://cms1/bg/gallery
---
2013/07/12 16:33:52 [error] [exception.CHttpException.404] exception 'CHttpException' with message 'Грешка при решаването на заявката "galleries/7/tmb/Cifri i fakti copy.jpg.jpg".' in D:\projects\cms1\www\www\protected\framework\web\CWebApplication.php:286
Stack trace:
#0 D:\projects\cms1\www\www\protected\framework\web\CWebApplication.php(141): CWebApplication->runController('galleries/7/tmb...')
#1 D:\projects\cms1\www\www\protected\framework\base\CApplication.php(169): CWebApplication->processRequest()
#2 D:\projects\cms1\www\www\index.php(13): CApplication->run()
#3 {main}
REQUEST_URI=/galleries/7/tmb/Cifri%20i%20fakti%20copy.jpg.jpg
HTTP_REFERER=http://cms1/bg/gallery
---
2013/07/12 16:33:52 [error] [exception.CHttpException.404] exception 'CHttpException' with message 'Грешка при решаването на заявката "galleries/7/tmb/Cifri i fakti copy.jpg.jpg".' in D:\projects\cms1\www\www\protected\framework\web\CWebApplication.php:286
Stack trace:
#0 D:\projects\cms1\www\www\protected\framework\web\CWebApplication.php(141): CWebApplication->runController('galleries/7/tmb...')
#1 D:\projects\cms1\www\www\protected\framework\base\CApplication.php(169): CWebApplication->processRequest()
#2 D:\projects\cms1\www\www\index.php(13): CApplication->run()
#3 {main}
REQUEST_URI=/galleries/7/tmb/Cifri%20i%20fakti%20copy.jpg.jpg
HTTP_REFERER=http://cms1/bg/gallery
---
2013/07/12 16:33:53 [error] [exception.CHttpException.404] exception 'CHttpException' with message 'Грешка при решаването на заявката "galleries/7/tmb/Cifri i fakti copy.jpg.jpg".' in D:\projects\cms1\www\www\protected\framework\web\CWebApplication.php:286
Stack trace:
#0 D:\projects\cms1\www\www\protected\framework\web\CWebApplication.php(141): CWebApplication->runController('galleries/7/tmb...')
#1 D:\projects\cms1\www\www\protected\framework\base\CApplication.php(169): CWebApplication->processRequest()
#2 D:\projects\cms1\www\www\index.php(13): CApplication->run()
#3 {main}
REQUEST_URI=/galleries/7/tmb/Cifri%20i%20fakti%20copy.jpg.jpg
HTTP_REFERER=http://cms1/bg/gallery
---
2013/07/12 16:33:53 [error] [exception.CHttpException.404] exception 'CHttpException' with message 'Грешка при решаването на заявката "galleries/7/tmb/Cifri i fakti copy.jpg.jpg".' in D:\projects\cms1\www\www\protected\framework\web\CWebApplication.php:286
Stack trace:
#0 D:\projects\cms1\www\www\protected\framework\web\CWebApplication.php(141): CWebApplication->runController('galleries/7/tmb...')
#1 D:\projects\cms1\www\www\protected\framework\base\CApplication.php(169): CWebApplication->processRequest()
#2 D:\projects\cms1\www\www\index.php(13): CApplication->run()
#3 {main}
REQUEST_URI=/galleries/7/tmb/Cifri%20i%20fakti%20copy.jpg.jpg
HTTP_REFERER=http://cms1/bg/gallery
---
2013/07/12 16:34:09 [error] [exception.CHttpException.404] exception 'CHttpException' with message 'Грешка при решаването на заявката "galleries/7/tmb/Cifri i fakti copy.jpg.jpg".' in D:\projects\cms1\www\www\protected\framework\web\CWebApplication.php:286
Stack trace:
#0 D:\projects\cms1\www\www\protected\framework\web\CWebApplication.php(141): CWebApplication->runController('galleries/7/tmb...')
#1 D:\projects\cms1\www\www\protected\framework\base\CApplication.php(169): CWebApplication->processRequest()
#2 D:\projects\cms1\www\www\index.php(13): CApplication->run()
#3 {main}
REQUEST_URI=/galleries/7/tmb/Cifri%20i%20fakti%20copy.jpg.jpg
HTTP_REFERER=http://cms1/bg/gallery
---
2013/07/12 16:34:13 [error] [exception.CHttpException.404] exception 'CHttpException' with message 'Грешка при решаването на заявката "galleries/7/tmb/Cifri i fakti copy.jpg.jpg".' in D:\projects\cms1\www\www\protected\framework\web\CWebApplication.php:286
Stack trace:
#0 D:\projects\cms1\www\www\protected\framework\web\CWebApplication.php(141): CWebApplication->runController('galleries/7/tmb...')
#1 D:\projects\cms1\www\www\protected\framework\base\CApplication.php(169): CWebApplication->processRequest()
#2 D:\projects\cms1\www\www\index.php(13): CApplication->run()
#3 {main}
REQUEST_URI=/galleries/7/tmb/Cifri%20i%20fakti%20copy.jpg.jpg
HTTP_REFERER=http://cms1/bg/gallery
---
2013/07/12 16:35:23 [error] [exception.CHttpException.404] exception 'CHttpException' with message 'Грешка при решаването на заявката "galleries/7/tmb/Cifri i fakti copy.jpg.jpg".' in D:\projects\cms1\www\www\protected\framework\web\CWebApplication.php:286
Stack trace:
#0 D:\projects\cms1\www\www\protected\framework\web\CWebApplication.php(141): CWebApplication->runController('galleries/7/tmb...')
#1 D:\projects\cms1\www\www\protected\framework\base\CApplication.php(169): CWebApplication->processRequest()
#2 D:\projects\cms1\www\www\index.php(13): CApplication->run()
#3 {main}
REQUEST_URI=/galleries/7/tmb/Cifri%20i%20fakti%20copy.jpg.jpg
HTTP_REFERER=http://cms1/bg/gallery
---
2013/07/12 16:35:24 [error] [exception.CHttpException.404] exception 'CHttpException' with message 'Грешка при решаването на заявката "galleries/7/tmb/Cifri i fakti copy.jpg.jpg".' in D:\projects\cms1\www\www\protected\framework\web\CWebApplication.php:286
Stack trace:
#0 D:\projects\cms1\www\www\protected\framework\web\CWebApplication.php(141): CWebApplication->runController('galleries/7/tmb...')
#1 D:\projects\cms1\www\www\protected\framework\base\CApplication.php(169): CWebApplication->processRequest()
#2 D:\projects\cms1\www\www\index.php(13): CApplication->run()
#3 {main}
REQUEST_URI=/galleries/7/tmb/Cifri%20i%20fakti%20copy.jpg.jpg
HTTP_REFERER=http://cms1/bg/gallery/view/id/7
---
2013/07/12 16:35:24 [error] [exception.CHttpException.404] exception 'CHttpException' with message 'Грешка при решаването на заявката "galleries/7/tmb/template.png.png".' in D:\projects\cms1\www\www\protected\framework\web\CWebApplication.php:286
Stack trace:
#0 D:\projects\cms1\www\www\protected\framework\web\CWebApplication.php(141): CWebApplication->runController('galleries/7/tmb...')
#1 D:\projects\cms1\www\www\protected\framework\base\CApplication.php(169): CWebApplication->processRequest()
#2 D:\projects\cms1\www\www\index.php(13): CApplication->run()
#3 {main}
REQUEST_URI=/galleries/7/tmb/template.png.png
HTTP_REFERER=http://cms1/bg/gallery/view/id/7
---
2013/07/12 16:46:24 [error] [exception.CHttpException.404] exception 'CHttpException' with message 'Грешка при решаването на заявката "galleries/7/tmb/template.png.png".' in D:\projects\cms1\www\www\protected\framework\web\CWebApplication.php:286
Stack trace:
#0 D:\projects\cms1\www\www\protected\framework\web\CWebApplication.php(141): CWebApplication->runController('galleries/7/tmb...')
#1 D:\projects\cms1\www\www\protected\framework\base\CApplication.php(169): CWebApplication->processRequest()
#2 D:\projects\cms1\www\www\index.php(13): CApplication->run()
#3 {main}
REQUEST_URI=/galleries/7/tmb/template.png.png
HTTP_REFERER=http://cms1/bg/gallery/view/id/7
---
2013/07/12 16:46:25 [error] [exception.CHttpException.404] exception 'CHttpException' with message 'Грешка при решаването на заявката "galleries/7/tmb/template.png.png".' in D:\projects\cms1\www\www\protected\framework\web\CWebApplication.php:286
Stack trace:
#0 D:\projects\cms1\www\www\protected\framework\web\CWebApplication.php(141): CWebApplication->runController('galleries/7/tmb...')
#1 D:\projects\cms1\www\www\protected\framework\base\CApplication.php(169): CWebApplication->processRequest()
#2 D:\projects\cms1\www\www\index.php(13): CApplication->run()
#3 {main}
REQUEST_URI=/galleries/7/tmb/template.png.png
HTTP_REFERER=http://cms1/bg/gallery/view/id/7
---
2013/07/12 16:46:26 [error] [exception.CHttpException.404] exception 'CHttpException' with message 'Грешка при решаването на заявката "galleries/7/tmb/template.png.png".' in D:\projects\cms1\www\www\protected\framework\web\CWebApplication.php:286
Stack trace:
#0 D:\projects\cms1\www\www\protected\framework\web\CWebApplication.php(141): CWebApplication->runController('galleries/7/tmb...')
#1 D:\projects\cms1\www\www\protected\framework\base\CApplication.php(169): CWebApplication->processRequest()
#2 D:\projects\cms1\www\www\index.php(13): CApplication->run()
#3 {main}
REQUEST_URI=/galleries/7/tmb/template.png.png
HTTP_REFERER=http://cms1/bg/gallery/view/id/7
---
2013/07/12 16:46:26 [error] [exception.CHttpException.404] exception 'CHttpException' with message 'Грешка при решаването на заявката "galleries/7/tmb/template.png.png".' in D:\projects\cms1\www\www\protected\framework\web\CWebApplication.php:286
Stack trace:
#0 D:\projects\cms1\www\www\protected\framework\web\CWebApplication.php(141): CWebApplication->runController('galleries/7/tmb...')
#1 D:\projects\cms1\www\www\protected\framework\base\CApplication.php(169): CWebApplication->processRequest()
#2 D:\projects\cms1\www\www\index.php(13): CApplication->run()
#3 {main}
REQUEST_URI=/galleries/7/tmb/template.png.png
HTTP_REFERER=http://cms1/bg/gallery/view/id/7
---
2013/07/12 16:46:27 [error] [exception.CHttpException.404] exception 'CHttpException' with message 'Грешка при решаването на заявката "galleries/7/tmb/template.png.png".' in D:\projects\cms1\www\www\protected\framework\web\CWebApplication.php:286
Stack trace:
#0 D:\projects\cms1\www\www\protected\framework\web\CWebApplication.php(141): CWebApplication->runController('galleries/7/tmb...')
#1 D:\projects\cms1\www\www\protected\framework\base\CApplication.php(169): CWebApplication->processRequest()
#2 D:\projects\cms1\www\www\index.php(13): CApplication->run()
#3 {main}
REQUEST_URI=/galleries/7/tmb/template.png.png
HTTP_REFERER=http://cms1/bg/gallery/view/id/7
---
2013/07/12 16:47:17 [error] [exception.CHttpException.404] exception 'CHttpException' with message 'Грешка при решаването на заявката "galleries/7/tmb/template.png.png".' in D:\projects\cms1\www\www\protected\framework\web\CWebApplication.php:286
Stack trace:
#0 D:\projects\cms1\www\www\protected\framework\web\CWebApplication.php(141): CWebApplication->runController('galleries/7/tmb...')
#1 D:\projects\cms1\www\www\protected\framework\base\CApplication.php(169): CWebApplication->processRequest()
#2 D:\projects\cms1\www\www\index.php(13): CApplication->run()
#3 {main}
REQUEST_URI=/galleries/7/tmb/template.png.png
HTTP_REFERER=http://cms1/bg/gallery/view/id/7
---
2013/07/12 16:47:19 [error] [exception.CHttpException.404] exception 'CHttpException' with message 'Грешка при решаването на заявката "galleries/7/tmb/template.png.png".' in D:\projects\cms1\www\www\protected\framework\web\CWebApplication.php:286
Stack trace:
#0 D:\projects\cms1\www\www\protected\framework\web\CWebApplication.php(141): CWebApplication->runController('galleries/7/tmb...')
#1 D:\projects\cms1\www\www\protected\framework\base\CApplication.php(169): CWebApplication->processRequest()
#2 D:\projects\cms1\www\www\index.php(13): CApplication->run()
#3 {main}
REQUEST_URI=/galleries/7/tmb/template.png.png
HTTP_REFERER=http://cms1/bg/gallery/view/id/7
---
2013/07/12 16:48:32 [error] [exception.CHttpException.404] exception 'CHttpException' with message 'Грешка при решаването на заявката "galleries/7/tmb/Cifri i fakti copy.jpg.jpg".' in D:\projects\cms1\www\www\protected\framework\web\CWebApplication.php:286
Stack trace:
#0 D:\projects\cms1\www\www\protected\framework\web\CWebApplication.php(141): CWebApplication->runController('galleries/7/tmb...')
#1 D:\projects\cms1\www\www\protected\framework\base\CApplication.php(169): CWebApplication->processRequest()
#2 D:\projects\cms1\www\www\index.php(13): CApplication->run()
#3 {main}
REQUEST_URI=/galleries/7/tmb/Cifri%20i%20fakti%20copy.jpg.jpg
HTTP_REFERER=http://cms1/bg/gallery
---
2013/07/12 16:48:33 [error] [exception.CHttpException.404] exception 'CHttpException' with message 'Грешка при решаването на заявката "galleries/7/tmb/Cifri i fakti copy.jpg.jpg".' in D:\projects\cms1\www\www\protected\framework\web\CWebApplication.php:286
Stack trace:
#0 D:\projects\cms1\www\www\protected\framework\web\CWebApplication.php(141): CWebApplication->runController('galleries/7/tmb...')
#1 D:\projects\cms1\www\www\protected\framework\base\CApplication.php(169): CWebApplication->processRequest()
#2 D:\projects\cms1\www\www\index.php(13): CApplication->run()
#3 {main}
REQUEST_URI=/galleries/7/tmb/Cifri%20i%20fakti%20copy.jpg.jpg
HTTP_REFERER=http://cms1/bg/gallery
---
2013/07/12 16:48:33 [error] [exception.CHttpException.404] exception 'CHttpException' with message 'Грешка при решаването на заявката "galleries/7/tmb/Cifri i fakti copy.jpg.jpg".' in D:\projects\cms1\www\www\protected\framework\web\CWebApplication.php:286
Stack trace:
#0 D:\projects\cms1\www\www\protected\framework\web\CWebApplication.php(141): CWebApplication->runController('galleries/7/tmb...')
#1 D:\projects\cms1\www\www\protected\framework\base\CApplication.php(169): CWebApplication->processRequest()
#2 D:\projects\cms1\www\www\index.php(13): CApplication->run()
#3 {main}
REQUEST_URI=/galleries/7/tmb/Cifri%20i%20fakti%20copy.jpg.jpg
HTTP_REFERER=http://cms1/bg/gallery
---
2013/07/12 16:48:34 [error] [exception.CHttpException.404] exception 'CHttpException' with message 'Грешка при решаването на заявката "galleries/7/tmb/Cifri i fakti copy.jpg.jpg".' in D:\projects\cms1\www\www\protected\framework\web\CWebApplication.php:286
Stack trace:
#0 D:\projects\cms1\www\www\protected\framework\web\CWebApplication.php(141): CWebApplication->runController('galleries/7/tmb...')
#1 D:\projects\cms1\www\www\protected\framework\base\CApplication.php(169): CWebApplication->processRequest()
#2 D:\projects\cms1\www\www\index.php(13): CApplication->run()
#3 {main}
REQUEST_URI=/galleries/7/tmb/Cifri%20i%20fakti%20copy.jpg.jpg
HTTP_REFERER=http://cms1/bg/gallery
---
2013/07/12 16:48:34 [error] [exception.CHttpException.404] exception 'CHttpException' with message 'Грешка при решаването на заявката "galleries/7/tmb/Cifri i fakti copy.jpg.jpg".' in D:\projects\cms1\www\www\protected\framework\web\CWebApplication.php:286
Stack trace:
#0 D:\projects\cms1\www\www\protected\framework\web\CWebApplication.php(141): CWebApplication->runController('galleries/7/tmb...')
#1 D:\projects\cms1\www\www\protected\framework\base\CApplication.php(169): CWebApplication->processRequest()
#2 D:\projects\cms1\www\www\index.php(13): CApplication->run()
#3 {main}
REQUEST_URI=/galleries/7/tmb/Cifri%20i%20fakti%20copy.jpg.jpg
HTTP_REFERER=http://cms1/bg/gallery
---
2013/07/12 16:48:34 [error] [exception.CHttpException.404] exception 'CHttpException' with message 'Грешка при решаването на заявката "galleries/7/tmb/Cifri i fakti copy.jpg.jpg".' in D:\projects\cms1\www\www\protected\framework\web\CWebApplication.php:286
Stack trace:
#0 D:\projects\cms1\www\www\protected\framework\web\CWebApplication.php(141): CWebApplication->runController('galleries/7/tmb...')
#1 D:\projects\cms1\www\www\protected\framework\base\CApplication.php(169): CWebApplication->processRequest()
#2 D:\projects\cms1\www\www\index.php(13): CApplication->run()
#3 {main}
REQUEST_URI=/galleries/7/tmb/Cifri%20i%20fakti%20copy.jpg.jpg
HTTP_REFERER=http://cms1/bg/gallery
---
2013/07/12 16:49:34 [error] [exception.CHttpException.404] exception 'CHttpException' with message 'Грешка при решаването на заявката "galleries/7/tmb/Cifri i fakti copy.jpg.jpg".' in D:\projects\cms1\www\www\protected\framework\web\CWebApplication.php:286
Stack trace:
#0 D:\projects\cms1\www\www\protected\framework\web\CWebApplication.php(141): CWebApplication->runController('galleries/7/tmb...')
#1 D:\projects\cms1\www\www\protected\framework\base\CApplication.php(169): CWebApplication->processRequest()
#2 D:\projects\cms1\www\www\index.php(13): CApplication->run()
#3 {main}
REQUEST_URI=/galleries/7/tmb/Cifri%20i%20fakti%20copy.jpg.jpg
HTTP_REFERER=http://cms1/bg/gallery
---
2013/07/12 16:49:35 [error] [exception.CHttpException.404] exception 'CHttpException' with message 'Грешка при решаването на заявката "galleries/7/tmb/Cifri i fakti copy.jpg.jpg".' in D:\projects\cms1\www\www\protected\framework\web\CWebApplication.php:286
Stack trace:
#0 D:\projects\cms1\www\www\protected\framework\web\CWebApplication.php(141): CWebApplication->runController('galleries/7/tmb...')
#1 D:\projects\cms1\www\www\protected\framework\base\CApplication.php(169): CWebApplication->processRequest()
#2 D:\projects\cms1\www\www\index.php(13): CApplication->run()
#3 {main}
REQUEST_URI=/galleries/7/tmb/Cifri%20i%20fakti%20copy.jpg.jpg
HTTP_REFERER=http://cms1/bg/gallery
---
2013/07/12 16:49:36 [error] [exception.CHttpException.404] exception 'CHttpException' with message 'Грешка при решаването на заявката "galleries/7/tmb/Cifri i fakti copy.jpg.jpg".' in D:\projects\cms1\www\www\protected\framework\web\CWebApplication.php:286
Stack trace:
#0 D:\projects\cms1\www\www\protected\framework\web\CWebApplication.php(141): CWebApplication->runController('galleries/7/tmb...')
#1 D:\projects\cms1\www\www\protected\framework\base\CApplication.php(169): CWebApplication->processRequest()
#2 D:\projects\cms1\www\www\index.php(13): CApplication->run()
#3 {main}
REQUEST_URI=/galleries/7/tmb/Cifri%20i%20fakti%20copy.jpg.jpg
HTTP_REFERER=http://cms1/bg/gallery
---
2013/07/12 16:49:36 [error] [exception.CHttpException.404] exception 'CHttpException' with message 'Грешка при решаването на заявката "galleries/7/tmb/Cifri i fakti copy.jpg.jpg".' in D:\projects\cms1\www\www\protected\framework\web\CWebApplication.php:286
Stack trace:
#0 D:\projects\cms1\www\www\protected\framework\web\CWebApplication.php(141): CWebApplication->runController('galleries/7/tmb...')
#1 D:\projects\cms1\www\www\protected\framework\base\CApplication.php(169): CWebApplication->processRequest()
#2 D:\projects\cms1\www\www\index.php(13): CApplication->run()
#3 {main}
REQUEST_URI=/galleries/7/tmb/Cifri%20i%20fakti%20copy.jpg.jpg
HTTP_REFERER=http://cms1/bg/gallery
---
2013/07/12 16:49:37 [error] [exception.CHttpException.404] exception 'CHttpException' with message 'Грешка при решаването на заявката "galleries/7/tmb/Cifri i fakti copy.jpg.jpg".' in D:\projects\cms1\www\www\protected\framework\web\CWebApplication.php:286
Stack trace:
#0 D:\projects\cms1\www\www\protected\framework\web\CWebApplication.php(141): CWebApplication->runController('galleries/7/tmb...')
#1 D:\projects\cms1\www\www\protected\framework\base\CApplication.php(169): CWebApplication->processRequest()
#2 D:\projects\cms1\www\www\index.php(13): CApplication->run()
#3 {main}
REQUEST_URI=/galleries/7/tmb/Cifri%20i%20fakti%20copy.jpg.jpg
HTTP_REFERER=http://cms1/bg/gallery
---
2013/07/12 16:49:37 [error] [exception.CHttpException.404] exception 'CHttpException' with message 'Грешка при решаването на заявката "galleries/7/tmb/Cifri i fakti copy.jpg.jpg".' in D:\projects\cms1\www\www\protected\framework\web\CWebApplication.php:286
Stack trace:
#0 D:\projects\cms1\www\www\protected\framework\web\CWebApplication.php(141): CWebApplication->runController('galleries/7/tmb...')
#1 D:\projects\cms1\www\www\protected\framework\base\CApplication.php(169): CWebApplication->processRequest()
#2 D:\projects\cms1\www\www\index.php(13): CApplication->run()
#3 {main}
REQUEST_URI=/galleries/7/tmb/Cifri%20i%20fakti%20copy.jpg.jpg
HTTP_REFERER=http://cms1/bg/gallery
---
2013/07/12 16:49:37 [error] [exception.CHttpException.404] exception 'CHttpException' with message 'Грешка при решаването на заявката "galleries/7/tmb/Cifri i fakti copy.jpg.jpg".' in D:\projects\cms1\www\www\protected\framework\web\CWebApplication.php:286
Stack trace:
#0 D:\projects\cms1\www\www\protected\framework\web\CWebApplication.php(141): CWebApplication->runController('galleries/7/tmb...')
#1 D:\projects\cms1\www\www\protected\framework\base\CApplication.php(169): CWebApplication->processRequest()
#2 D:\projects\cms1\www\www\index.php(13): CApplication->run()
#3 {main}
REQUEST_URI=/galleries/7/tmb/Cifri%20i%20fakti%20copy.jpg.jpg
HTTP_REFERER=http://cms1/bg/gallery
---
2013/07/12 16:57:56 [warning] [application] Failed to set unsafe attribute "image" of "Images".
in D:\projects\cms1\www\www\protected\app\modules\admin\controllers\GalleriesController.php (116)
in D:\projects\cms1\www\www\index.php (13)
2013/07/12 16:58:07 [warning] [application] Failed to set unsafe attribute "image" of "Images".
in D:\projects\cms1\www\www\protected\app\modules\admin\controllers\GalleriesController.php (116)
in D:\projects\cms1\www\www\index.php (13)
2013/07/12 16:58:59 [error] [system.db.CDbCommand] CDbCommand::execute() failed: SQLSTATE[23000]: Integrity constraint violation: 1451 Cannot delete or update a parent row: a foreign key constraint fails (`icca_razum`.`images`, CONSTRAINT `images_ibfk_1` FOREIGN KEY (`GalleryId`) REFERENCES `galleries` (`GalleryId`)). The SQL statement executed was: DELETE FROM `galleries` WHERE `galleries`.`GalleryId`='9'.
in D:\projects\cms1\www\www\protected\app\modules\admin\controllers\GalleriesController.php (139)
in D:\projects\cms1\www\www\index.php (13)
2013/07/12 16:58:59 [error] [exception.CDbException] exception 'CDbException' with message 'CDbCommand не можа да изпълни SQL заявката: SQLSTATE[23000]: Integrity constraint violation: 1451 Cannot delete or update a parent row: a foreign key constraint fails (`icca_razum`.`images`, CONSTRAINT `images_ibfk_1` FOREIGN KEY (`GalleryId`) REFERENCES `galleries` (`GalleryId`)). The SQL statement executed was: DELETE FROM `galleries` WHERE `galleries`.`GalleryId`='9'' in D:\projects\cms1\www\www\protected\framework\db\CDbCommand.php:357
Stack trace:
#0 D:\projects\cms1\www\www\protected\framework\db\ar\CActiveRecord.php(1745): CDbCommand->execute()
#1 D:\projects\cms1\www\www\protected\framework\db\ar\CActiveRecord.php(1168): CActiveRecord->deleteByPk('9')
#2 D:\projects\cms1\www\www\protected\app\modules\admin\controllers\GalleriesController.php(139): CActiveRecord->delete()
#3 [internal function]: GalleriesController->actionDelete('9')
#4 D:\projects\cms1\www\www\protected\framework\web\actions\CAction.php(108): ReflectionMethod->invokeArgs(Object(GalleriesController), Array)
#5 D:\projects\cms1\www\www\protected\framework\web\actions\CInlineAction.php(47): CAction->runWithParamsInternal(Object(GalleriesController), Object(ReflectionMethod), Array)
#6 D:\projects\cms1\www\www\protected\framework\web\CController.php(308): CInlineAction->runWithParams(Array)
#7 D:\projects\cms1\www\www\protected\framework\web\filters\CFilterChain.php(133): CController->runAction(Object(CInlineAction))
#8 D:\projects\cms1\www\www\protected\framework\web\CController.php(1116): CFilterChain->run()
#9 D:\projects\cms1\www\www\protected\framework\web\filters\CInlineFilter.php(58): CController->filterPostOnly(Object(CFilterChain))
#10 D:\projects\cms1\www\www\protected\framework\web\filters\CFilterChain.php(130): CInlineFilter->filter(Object(CFilterChain))
#11 D:\projects\cms1\www\www\protected\framework\web\filters\CFilter.php(40): CFilterChain->run()
#12 D:\projects\cms1\www\www\protected\framework\web\CController.php(1145): CFilter->filter(Object(CFilterChain))
#13 D:\projects\cms1\www\www\protected\framework\web\filters\CInlineFilter.php(58): CController->filterAccessControl(Object(CFilterChain))
#14 D:\projects\cms1\www\www\protected\framework\web\filters\CFilterChain.php(130): CInlineFilter->filter(Object(CFilterChain))
#15 D:\projects\cms1\www\www\protected\framework\web\CController.php(291): CFilterChain->run()
#16 D:\projects\cms1\www\www\protected\framework\web\CController.php(265): CController->runActionWithFilters(Object(CInlineAction), Array)
#17 D:\projects\cms1\www\www\protected\framework\web\CWebApplication.php(282): CController->run('delete')
#18 D:\projects\cms1\www\www\protected\framework\web\CWebApplication.php(141): CWebApplication->runController('admin/galleries...')
#19 D:\projects\cms1\www\www\protected\framework\base\CApplication.php(169): CWebApplication->processRequest()
#20 D:\projects\cms1\www\www\index.php(13): CApplication->run()
#21 {main}
REQUEST_URI=/admin/galleries/delete/id/9?ajax=galleries-grid
HTTP_REFERER=http://cms1/admin/galleries/index
---
2013/07/12 17:06:22 [warning] [application] Failed to set unsafe attribute "image" of "Images".
in D:\projects\cms1\www\www\protected\app\modules\admin\controllers\GalleriesController.php (116)
in D:\projects\cms1\www\www\index.php (13)
2013/07/15 15:23:00 [warning] [application] Failed to set unsafe attribute "image" of "Images".
in D:\projects\cms1\www\www\protected\app\modules\admin\controllers\GalleriesController.php (116)
in D:\projects\cms1\www\www\index.php (13)
2013/07/15 15:23:30 [warning] [application] Failed to set unsafe attribute "image" of "Images".
in D:\projects\cms1\www\www\protected\app\modules\admin\controllers\GalleriesController.php (116)
in D:\projects\cms1\www\www\index.php (13)
2013/07/15 15:24:31 [warning] [application] Failed to set unsafe attribute "image" of "Images".
in D:\projects\cms1\www\www\protected\app\modules\admin\controllers\GalleriesController.php (116)
in D:\projects\cms1\www\www\index.php (13)
2013/07/15 15:24:37 [error] [php] Only variables should be passed by reference (D:\projects\cms1\www\www\protected\app\modules\admin\models\Galleries.php:131)
Stack trace:
#0 unknown(0): GalleriesController->actionDelete()
#1 D:\projects\cms1\www\www\protected\framework\web\actions\CAction.php(108): ReflectionMethod->invokeArgs()
#2 D:\projects\cms1\www\www\protected\framework\web\actions\CInlineAction.php(47): CInlineAction->runWithParamsInternal()
#3 D:\projects\cms1\www\www\protected\framework\web\CController.php(308): CInlineAction->runWithParams()
#4 D:\projects\cms1\www\www\protected\framework\web\filters\CFilterChain.php(133): GalleriesController->runAction()
#5 D:\projects\cms1\www\www\protected\framework\web\CController.php(1116): CFilterChain->run()
#6 D:\projects\cms1\www\www\protected\framework\web\filters\CInlineFilter.php(58): GalleriesController->filterPostOnly()
#7 D:\projects\cms1\www\www\protected\framework\web\filters\CFilterChain.php(130): CInlineFilter->filter()
#8 D:\projects\cms1\www\www\protected\framework\web\filters\CFilter.php(40): CFilterChain->run()
#9 D:\projects\cms1\www\www\protected\framework\web\CController.php(1145): CAccessControlFilter->filter()
#10 D:\projects\cms1\www\www\protected\framework\web\filters\CInlineFilter.php(58): GalleriesController->filterAccessControl()
#11 D:\projects\cms1\www\www\protected\framework\web\filters\CFilterChain.php(130): CInlineFilter->filter()
#12 D:\projects\cms1\www\www\protected\framework\web\CController.php(291): CFilterChain->run()
#13 D:\projects\cms1\www\www\protected\framework\web\CController.php(265): GalleriesController->runActionWithFilters()
#14 D:\projects\cms1\www\www\protected\framework\web\CWebApplication.php(282): GalleriesController->run()
#15 D:\projects\cms1\www\www\protected\framework\web\CWebApplication.php(141): CWebApplication->runController()
#16 D:\projects\cms1\www\www\protected\framework\base\CApplication.php(169): CWebApplication->processRequest()
#17 D:\projects\cms1\www\www\index.php(13): CWebApplication->run()
REQUEST_URI=/admin/galleries/delete/id/13?ajax=galleries-grid
in D:\projects\cms1\www\www\protected\app\modules\admin\models\Galleries.php (131)
in D:\projects\cms1\www\www\protected\app\modules\admin\controllers\GalleriesController.php (139)
in D:\projects\cms1\www\www\index.php (13)
2013/07/15 15:41:00 [error] [exception.CHttpException.404] exception 'CHttpException' with message 'The requested page does not exist.' in D:\projects\cms1\www\www\protected\app\modules\admin\controllers\GalleriesController.php:189
Stack trace:
#0 D:\projects\cms1\www\www\protected\app\modules\admin\controllers\GalleriesController.php(102): GalleriesController->loadModel('13')
#1 [internal function]: GalleriesController->actionUpdate('13')
#2 D:\projects\cms1\www\www\protected\framework\web\actions\CAction.php(108): ReflectionMethod->invokeArgs(Object(GalleriesController), Array)
#3 D:\projects\cms1\www\www\protected\framework\web\actions\CInlineAction.php(47): CAction->runWithParamsInternal(Object(GalleriesController), Object(ReflectionMethod), Array)
#4 D:\projects\cms1\www\www\protected\framework\web\CController.php(308): CInlineAction->runWithParams(Array)
#5 D:\projects\cms1\www\www\protected\framework\web\filters\CFilterChain.php(133): CController->runAction(Object(CInlineAction))
#6 D:\projects\cms1\www\www\protected\framework\web\filters\CFilter.php(40): CFilterChain->run()
#7 D:\projects\cms1\www\www\protected\framework\web\CController.php(1145): CFilter->filter(Object(CFilterChain))
#8 D:\projects\cms1\www\www\protected\framework\web\filters\CInlineFilter.php(58): CController->filterAccessControl(Object(CFilterChain))
#9 D:\projects\cms1\www\www\protected\framework\web\filters\CFilterChain.php(130): CInlineFilter->filter(Object(CFilterChain))
#10 D:\projects\cms1\www\www\protected\framework\web\CController.php(291): CFilterChain->run()
#11 D:\projects\cms1\www\www\protected\framework\web\CController.php(265): CController->runActionWithFilters(Object(CInlineAction), Array)
#12 D:\projects\cms1\www\www\protected\framework\web\CWebApplication.php(282): CController->run('update')
#13 D:\projects\cms1\www\www\protected\framework\web\CWebApplication.php(141): CWebApplication->runController('admin/galleries...')
#14 D:\projects\cms1\www\www\protected\framework\base\CApplication.php(169): CWebApplication->processRequest()
#15 D:\projects\cms1\www\www\index.php(13): CApplication->run()
#16 {main}
REQUEST_URI=/admin/galleries/update/id/13
HTTP_REFERER=http://cms1/admin/galleries/index
---
2013/07/15 15:41:24 [warning] [application] Failed to set unsafe attribute "image" of "Images".
in D:\projects\cms1\www\www\protected\app\modules\admin\controllers\GalleriesController.php (116)
in D:\projects\cms1\www\www\index.php (13)
2013/07/15 15:41:31 [error] [php] Only variables should be passed by reference (D:\projects\cms1\www\www\protected\app\modules\admin\models\Galleries.php:132)
Stack trace:
#0 unknown(0): GalleriesController->actionDelete()
#1 D:\projects\cms1\www\www\protected\framework\web\actions\CAction.php(108): ReflectionMethod->invokeArgs()
#2 D:\projects\cms1\www\www\protected\framework\web\actions\CInlineAction.php(47): CInlineAction->runWithParamsInternal()
#3 D:\projects\cms1\www\www\protected\framework\web\CController.php(308): CInlineAction->runWithParams()
#4 D:\projects\cms1\www\www\protected\framework\web\filters\CFilterChain.php(133): GalleriesController->runAction()
#5 D:\projects\cms1\www\www\protected\framework\web\CController.php(1116): CFilterChain->run()
#6 D:\projects\cms1\www\www\protected\framework\web\filters\CInlineFilter.php(58): GalleriesController->filterPostOnly()
#7 D:\projects\cms1\www\www\protected\framework\web\filters\CFilterChain.php(130): CInlineFilter->filter()
#8 D:\projects\cms1\www\www\protected\framework\web\filters\CFilter.php(40): CFilterChain->run()
#9 D:\projects\cms1\www\www\protected\framework\web\CController.php(1145): CAccessControlFilter->filter()
#10 D:\projects\cms1\www\www\protected\framework\web\filters\CInlineFilter.php(58): GalleriesController->filterAccessControl()
#11 D:\projects\cms1\www\www\protected\framework\web\filters\CFilterChain.php(130): CInlineFilter->filter()
#12 D:\projects\cms1\www\www\protected\framework\web\CController.php(291): CFilterChain->run()
#13 D:\projects\cms1\www\www\protected\framework\web\CController.php(265): GalleriesController->runActionWithFilters()
#14 D:\projects\cms1\www\www\protected\framework\web\CWebApplication.php(282): GalleriesController->run()
#15 D:\projects\cms1\www\www\protected\framework\web\CWebApplication.php(141): CWebApplication->runController()
#16 D:\projects\cms1\www\www\protected\framework\base\CApplication.php(169): CWebApplication->processRequest()
#17 D:\projects\cms1\www\www\index.php(13): CWebApplication->run()
REQUEST_URI=/admin/galleries/delete/id/14?ajax=galleries-grid
in D:\projects\cms1\www\www\protected\app\modules\admin\models\Galleries.php (132)
in D:\projects\cms1\www\www\protected\app\modules\admin\controllers\GalleriesController.php (139)
in D:\projects\cms1\www\www\index.php (13)
2013/07/15 15:45:38 [warning] [application] Failed to set unsafe attribute "image" of "Images".
in D:\projects\cms1\www\www\protected\app\modules\admin\controllers\GalleriesController.php (116)
in D:\projects\cms1\www\www\index.php (13)
2013/07/15 15:45:44 [error] [php] unlink() expects parameter 2 to be resource, integer given (D:\projects\cms1\www\www\protected\app\modules\admin\models\Galleries.php:132)
Stack trace:
#0 D:\projects\cms1\www\www\protected\framework\db\ar\CActiveRecord.php(1169): Galleries->afterDelete()
#1 D:\projects\cms1\www\www\protected\app\modules\admin\controllers\GalleriesController.php(139): Galleries->delete()
#2 unknown(0): GalleriesController->actionDelete()
#3 D:\projects\cms1\www\www\protected\framework\web\actions\CAction.php(108): ReflectionMethod->invokeArgs()
#4 D:\projects\cms1\www\www\protected\framework\web\actions\CInlineAction.php(47): CInlineAction->runWithParamsInternal()
#5 D:\projects\cms1\www\www\protected\framework\web\CController.php(308): CInlineAction->runWithParams()
#6 D:\projects\cms1\www\www\protected\framework\web\filters\CFilterChain.php(133): GalleriesController->runAction()
#7 D:\projects\cms1\www\www\protected\framework\web\CController.php(1116): CFilterChain->run()
#8 D:\projects\cms1\www\www\protected\framework\web\filters\CInlineFilter.php(58): GalleriesController->filterPostOnly()
#9 D:\projects\cms1\www\www\protected\framework\web\filters\CFilterChain.php(130): CInlineFilter->filter()
#10 D:\projects\cms1\www\www\protected\framework\web\filters\CFilter.php(40): CFilterChain->run()
#11 D:\projects\cms1\www\www\protected\framework\web\CController.php(1145): CAccessControlFilter->filter()
#12 D:\projects\cms1\www\www\protected\framework\web\filters\CInlineFilter.php(58): GalleriesController->filterAccessControl()
#13 D:\projects\cms1\www\www\protected\framework\web\filters\CFilterChain.php(130): CInlineFilter->filter()
#14 D:\projects\cms1\www\www\protected\framework\web\CController.php(291): CFilterChain->run()
#15 D:\projects\cms1\www\www\protected\framework\web\CController.php(265): GalleriesController->runActionWithFilters()
#16 D:\projects\cms1\www\www\protected\framework\web\CWebApplication.php(282): GalleriesController->run()
#17 D:\projects\cms1\www\www\protected\framework\web\CWebApplication.php(141): CWebApplication->runController()
#18 D:\projects\cms1\www\www\protected\framework\base\CApplication.php(169): CWebApplication->processRequest()
#19 D:\projects\cms1\www\www\index.php(13): CWebApplication->run()
REQUEST_URI=/admin/galleries/delete/id/15?ajax=galleries-grid
in D:\projects\cms1\www\www\protected\app\modules\admin\models\Galleries.php (132)
in D:\projects\cms1\www\www\protected\app\modules\admin\controllers\GalleriesController.php (139)
in D:\projects\cms1\www\www\index.php (13)
2013/07/15 15:51:18 [warning] [application] Failed to set unsafe attribute "image" of "Images".
in D:\projects\cms1\www\www\protected\app\modules\admin\controllers\GalleriesController.php (116)
in D:\projects\cms1\www\www\index.php (13)
2013/07/15 16:05:55 [warning] [application] Failed to set unsafe attribute "image" of "Images".
in D:\projects\cms1\www\www\protected\app\modules\admin\controllers\GalleriesController.php (116)
in D:\projects\cms1\www\www\index.php (13)
2013/11/12 11:19:07 [error] [exception.CDbException] exception 'CDbException' with message 'CDbConnection failed to open the DB connection: SQLSTATE[HY000] [2002] No connection could be made because the target machine actively refused it.
' in D:\projects\cms1\www\www\protected\framework\db\CDbConnection.php:381
Stack trace:
#0 D:\projects\cms1\www\www\protected\framework\db\CDbConnection.php(330): CDbConnection->open()
#1 D:\projects\cms1\www\www\protected\framework\db\CDbConnection.php(308): CDbConnection->setActive(true)
#2 D:\projects\cms1\www\www\protected\framework\base\CModule.php(387): CDbConnection->init()
#3 D:\projects\cms1\www\www\protected\framework\base\CApplication.php(438): CModule->getComponent('db')
#4 D:\projects\cms1\www\www\protected\framework\db\ar\CActiveRecord.php(623): CApplication->getDb()
#5 D:\projects\cms1\www\www\protected\framework\db\ar\CActiveRecord.php(2309): CActiveRecord->getDbConnection()
#6 D:\projects\cms1\www\www\protected\framework\db\ar\CActiveRecord.php(387): CActiveRecordMetaData->__construct(Object(Users))
#7 D:\projects\cms1\www\www\protected\app\modules\admin\models\Users.php(28): CActiveRecord::model('Users')
#8 D:\projects\cms1\www\www\protected\app\modules\admin\components\UserIdentity.php(12): Users::model()
#9 D:\projects\cms1\www\www\protected\app\modules\admin\models\LoginForm.php(54): UserIdentity->authenticate()
#10 D:\projects\cms1\www\www\protected\framework\validators\CInlineValidator.php(42): LoginForm->authenticate('UserPassword', Array)
#11 D:\projects\cms1\www\www\protected\framework\validators\CValidator.php(213): CInlineValidator->validateAttribute(Object(LoginForm), 'UserPassword')
#12 D:\projects\cms1\www\www\protected\framework\base\CModel.php(159): CValidator->validate(Object(LoginForm), NULL)
#13 D:\projects\cms1\www\www\protected\app\modules\admin\controllers\DefaultController.php(74): CModel->validate()
#14 D:\projects\cms1\www\www\protected\framework\web\actions\CInlineAction.php(49): DefaultController->actionLogin()
#15 D:\projects\cms1\www\www\protected\framework\web\CController.php(308): CInlineAction->runWithParams(Array)
#16 D:\projects\cms1\www\www\protected\framework\web\filters\CFilterChain.php(133): CController->runAction(Object(CInlineAction))
#17 D:\projects\cms1\www\www\protected\framework\web\filters\CFilter.php(40): CFilterChain->run()
#18 D:\projects\cms1\www\www\protected\framework\web\CController.php(1145): CFilter->filter(Object(CFilterChain))
#19 D:\projects\cms1\www\www\protected\framework\web\filters\CInlineFilter.php(58): CController->filterAccessControl(Object(CFilterChain))
#20 D:\projects\cms1\www\www\protected\framework\web\filters\CFilterChain.php(130): CInlineFilter->filter(Object(CFilterChain))
#21 D:\projects\cms1\www\www\protected\framework\web\CController.php(291): CFilterChain->run()
#22 D:\projects\cms1\www\www\protected\framework\web\CController.php(265): CController->runActionWithFilters(Object(CInlineAction), Array)
#23 D:\projects\cms1\www\www\protected\framework\web\CWebApplication.php(282): CController->run('login')
#24 D:\projects\cms1\www\www\protected\framework\web\CWebApplication.php(141): CWebApplication->runController('admin/default/l...')
#25 D:\projects\cms1\www\www\protected\framework\base\CApplication.php(169): CWebApplication->processRequest()
#26 D:\projects\cms1\www\www\index.php(13): CApplication->run()
#27 {main}
REQUEST_URI=/bg/admin/default/login
HTTP_REFERER=http://cms1/bg/admin/default/login
---
